This is XeTeX, Version 3.14159265-2.6-0.999991 (TeX Live 2019) (preloaded format=xelatex 2019.7.18)  20 AUG 2019 13:40
entering extended mode
 restricted \write18 enabled.
 %&-line parsing enabled.
**Statistical-Methods-I.tex
(./Statistical-Methods-I.tex
LaTeX2e <2018-12-01>
(/Users/dls354/Library/TinyTeX/texmf-dist/tex/latex/base/book.cls
Document Class: book 2018/09/03 v1.4i Standard LaTeX document class
(/Users/dls354/Library/TinyTeX/texmf-dist/tex/latex/base/bk10.clo
File: bk10.clo 2018/09/03 v1.4i Standard LaTeX file (size option)
)
\c@part=\count80
\c@chapter=\count81
\c@section=\count82
\c@subsection=\count83
\c@subsubsection=\count84
\c@paragraph=\count85
\c@subparagraph=\count86
\c@figure=\count87
\c@table=\count88
\abovecaptionskip=\skip41
\belowcaptionskip=\skip42
\bibindent=\dimen102
) (/Users/dls354/Library/TinyTeX/texmf-dist/tex/latex/lm/lmodern.sty
Package: lmodern 2009/10/30 v1.6 Latin Modern Fonts
LaTeX Font Info:    Overwriting symbol font `operators' in version `normal'
(Font)                  OT1/cmr/m/n --> OT1/lmr/m/n on input line 22.
LaTeX Font Info:    Overwriting symbol font `letters' in version `normal'
(Font)                  OML/cmm/m/it --> OML/lmm/m/it on input line 23.
LaTeX Font Info:    Overwriting symbol font `symbols' in version `normal'
(Font)                  OMS/cmsy/m/n --> OMS/lmsy/m/n on input line 24.
LaTeX Font Info:    Overwriting symbol font `largesymbols' in version `normal'
(Font)                  OMX/cmex/m/n --> OMX/lmex/m/n on input line 25.
LaTeX Font Info:    Overwriting symbol font `operators' in version `bold'
(Font)                  OT1/cmr/bx/n --> OT1/lmr/bx/n on input line 26.
LaTeX Font Info:    Overwriting symbol font `letters' in version `bold'
(Font)                  OML/cmm/b/it --> OML/lmm/b/it on input line 27.
LaTeX Font Info:    Overwriting symbol font `symbols' in version `bold'
(Font)                  OMS/cmsy/b/n --> OMS/lmsy/b/n on input line 28.
LaTeX Font Info:    Overwriting symbol font `largesymbols' in version `bold'
(Font)                  OMX/cmex/m/n --> OMX/lmex/m/n on input line 29.
LaTeX Font Info:    Overwriting math alphabet `\mathbf' in version `normal'
(Font)                  OT1/cmr/bx/n --> OT1/lmr/bx/n on input line 31.
LaTeX Font Info:    Overwriting math alphabet `\mathsf' in version `normal'
(Font)                  OT1/cmss/m/n --> OT1/lmss/m/n on input line 32.
LaTeX Font Info:    Overwriting math alphabet `\mathit' in version `normal'
(Font)                  OT1/cmr/m/it --> OT1/lmr/m/it on input line 33.
LaTeX Font Info:    Overwriting math alphabet `\mathtt' in version `normal'
(Font)                  OT1/cmtt/m/n --> OT1/lmtt/m/n on input line 34.
LaTeX Font Info:    Overwriting math alphabet `\mathbf' in version `bold'
(Font)                  OT1/cmr/bx/n --> OT1/lmr/bx/n on input line 35.
LaTeX Font Info:    Overwriting math alphabet `\mathsf' in version `bold'
(Font)                  OT1/cmss/bx/n --> OT1/lmss/bx/n on input line 36.
LaTeX Font Info:    Overwriting math alphabet `\mathit' in version `bold'
(Font)                  OT1/cmr/bx/it --> OT1/lmr/bx/it on input line 37.
LaTeX Font Info:    Overwriting math alphabet `\mathtt' in version `bold'
(Font)                  OT1/cmtt/m/n --> OT1/lmtt/m/n on input line 38.
) (/Users/dls354/Library/TinyTeX/texmf-dist/tex/latex/amsfonts/amssymb.sty
Package: amssymb 2013/01/14 v3.01 AMS font symbols
(/Users/dls354/Library/TinyTeX/texmf-dist/tex/latex/amsfonts/amsfonts.sty
Package: amsfonts 2013/01/14 v3.01 Basic AMSFonts support
\@emptytoks=\toks14
\symAMSa=\mathgroup4
\symAMSb=\mathgroup5
LaTeX Font Info:    Overwriting math alphabet `\mathfrak' in version `bold'
(Font)                  U/euf/m/n --> U/euf/b/n on input line 106.
)) (/Users/dls354/Library/TinyTeX/texmf-dist/tex/latex/amsmath/amsmath.sty
Package: amsmath 2018/12/01 v2.17b AMS math features
\@mathmargin=\skip43
For additional information on amsmath, use the `?' option.
(/Users/dls354/Library/TinyTeX/texmf-dist/tex/latex/amsmath/amstext.sty
Package: amstext 2000/06/29 v2.01 AMS text
(/Users/dls354/Library/TinyTeX/texmf-dist/tex/latex/amsmath/amsgen.sty
File: amsgen.sty 1999/11/30 v2.0 generic functions
\@emptytoks=\toks15
\ex@=\dimen103
)) (/Users/dls354/Library/TinyTeX/texmf-dist/tex/latex/amsmath/amsbsy.sty
Package: amsbsy 1999/11/29 v1.2d Bold Symbols
\pmbraise@=\dimen104
) (/Users/dls354/Library/TinyTeX/texmf-dist/tex/latex/amsmath/amsopn.sty
Package: amsopn 2016/03/08 v2.02 operator names
)
\inf@bad=\count89
LaTeX Info: Redefining \frac on input line 223.
\uproot@=\count90
\leftroot@=\count91
LaTeX Info: Redefining \overline on input line 385.
\classnum@=\count92
\DOTSCASE@=\count93
LaTeX Info: Redefining \ldots on input line 482.
LaTeX Info: Redefining \dots on input line 485.
LaTeX Info: Redefining \cdots on input line 606.
\Mathstrutbox@=\box27
\strutbox@=\box28
\big@size=\dimen105
LaTeX Font Info:    Redeclaring font encoding OML on input line 729.
LaTeX Font Info:    Redeclaring font encoding OMS on input line 730.
\macc@depth=\count94
\c@MaxMatrixCols=\count95
\dotsspace@=\muskip10
\c@parentequation=\count96
\dspbrk@lvl=\count97
\tag@help=\toks16
\row@=\count98
\column@=\count99
\maxfields@=\count100
\andhelp@=\toks17
\eqnshift@=\dimen106
\alignsep@=\dimen107
\tagshift@=\dimen108
\tagwidth@=\dimen109
\totwidth@=\dimen110
\lineht@=\dimen111
\@envbody=\toks18
\multlinegap=\skip44
\multlinetaggap=\skip45
\mathdisplay@stack=\toks19
LaTeX Info: Redefining \[ on input line 2844.
LaTeX Info: Redefining \] on input line 2845.
) (/Users/dls354/Library/TinyTeX/texmf-dist/tex/generic/ifxetex/ifxetex.sty
Package: ifxetex 2010/09/12 v0.6 Provides ifxetex conditional
) (/Users/dls354/Library/TinyTeX/texmf-dist/tex/generic/oberdiek/ifluatex.sty
Package: ifluatex 2016/05/16 v1.4 Provides the ifluatex switch (HO)
Package ifluatex Info: LuaTeX not detected.
) (/Users/dls354/Library/TinyTeX/texmf-dist/tex/latex/base/fixltx2e.sty
Package: fixltx2e 2016/12/29 v2.1a fixes to LaTeX (obsolete)
Applying: [2015/01/01] Old fixltx2e package on input line 46.

Package fixltx2e Warning: fixltx2e is not required with releases after 2015
(fixltx2e)                All fixes are now in the LaTeX kernel.
(fixltx2e)                See the latexrelease package for details.

Already applied: [0000/00/00] Old fixltx2e package on input line 53.
) (/Users/dls354/Library/TinyTeX/texmf-dist/tex/xelatex/mathspec/mathspec.sty
Package: mathspec 2016/12/22 v0.2b LaTeX Package (Mathematics font selection fo
r XeLaTeX)
(/Users/dls354/Library/TinyTeX/texmf-dist/tex/latex/etoolbox/etoolbox.sty
Package: etoolbox 2018/08/19 v2.5f e-TeX tools for LaTeX (JAW)
\etb@tempcnta=\count101
) (/Users/dls354/Library/TinyTeX/texmf-dist/tex/latex/fontspec/fontspec.sty
(/Users/dls354/Library/TinyTeX/texmf-dist/tex/latex/l3packages/xparse/xparse.st
y (/Users/dls354/Library/TinyTeX/texmf-dist/tex/latex/l3kernel/expl3.sty
Package: expl3 2019-07-01 L3 programming layer (loader) 
(/Users/dls354/Library/TinyTeX/texmf-dist/tex/latex/l3kernel/expl3-code.tex
Package: expl3 2019-07-01 L3 programming layer (code)
\c_max_int=\count102
\l_tmpa_int=\count103
\l_tmpb_int=\count104
\g_tmpa_int=\count105
\g_tmpb_int=\count106
\g__kernel_prg_map_int=\count107
\c__ior_term_ior=\count108
\c_log_iow=\count109
\l_iow_line_count_int=\count110
\l__iow_line_target_int=\count111
\l__iow_one_indent_int=\count112
\l__iow_indent_int=\count113
\c_zero_dim=\dimen112
\c_max_dim=\dimen113
\l_tmpa_dim=\dimen114
\l_tmpb_dim=\dimen115
\g_tmpa_dim=\dimen116
\g_tmpb_dim=\dimen117
\c_zero_skip=\skip46
\c_max_skip=\skip47
\l_tmpa_skip=\skip48
\l_tmpb_skip=\skip49
\g_tmpa_skip=\skip50
\g_tmpb_skip=\skip51
\c_zero_muskip=\muskip11
\c_max_muskip=\muskip12
\l_tmpa_muskip=\muskip13
\l_tmpb_muskip=\muskip14
\g_tmpa_muskip=\muskip15
\g_tmpb_muskip=\muskip16
\l_keys_choice_int=\count114
\l__intarray_loop_int=\count115
\c__intarray_sp_dim=\dimen118
\g__intarray_font_int=\count116
\c__fp_leading_shift_int=\count117
\c__fp_middle_shift_int=\count118
\c__fp_trailing_shift_int=\count119
\c__fp_big_leading_shift_int=\count120
\c__fp_big_middle_shift_int=\count121
\c__fp_big_trailing_shift_int=\count122
\c__fp_Bigg_leading_shift_int=\count123
\c__fp_Bigg_middle_shift_int=\count124
\c__fp_Bigg_trailing_shift_int=\count125
\g__fp_array_int=\count126
\l__fp_array_loop_int=\count127
\l__sort_length_int=\count128
\l__sort_min_int=\count129
\l__sort_top_int=\count130
\l__sort_max_int=\count131
\l__sort_true_max_int=\count132
\l__sort_block_int=\count133
\l__sort_begin_int=\count134
\l__sort_end_int=\count135
\l__sort_A_int=\count136
\l__sort_B_int=\count137
\l__sort_C_int=\count138
\l__str_internal_int=\count139
\l__tl_analysis_normal_int=\count140
\l__tl_analysis_index_int=\count141
\l__tl_analysis_nesting_int=\count142
\l__tl_analysis_type_int=\count143
\l__regex_internal_a_int=\count144
\l__regex_internal_b_int=\count145
\l__regex_internal_c_int=\count146
\l__regex_balance_int=\count147
\l__regex_group_level_int=\count148
\l__regex_mode_int=\count149
\c__regex_cs_in_class_mode_int=\count150
\c__regex_cs_mode_int=\count151
\l__regex_catcodes_int=\count152
\l__regex_default_catcodes_int=\count153
\c__regex_catcode_L_int=\count154
\c__regex_catcode_O_int=\count155
\c__regex_catcode_A_int=\count156
\c__regex_all_catcodes_int=\count157
\l__regex_show_lines_int=\count158
\l__regex_min_state_int=\count159
\l__regex_max_state_int=\count160
\l__regex_left_state_int=\count161
\l__regex_right_state_int=\count162
\l__regex_capturing_group_int=\count163
\l__regex_min_pos_int=\count164
\l__regex_max_pos_int=\count165
\l__regex_curr_pos_int=\count166
\l__regex_start_pos_int=\count167
\l__regex_success_pos_int=\count168
\l__regex_curr_char_int=\count169
\l__regex_curr_catcode_int=\count170
\l__regex_last_char_int=\count171
\l__regex_case_changed_char_int=\count172
\l__regex_curr_state_int=\count173
\l__regex_step_int=\count174
\l__regex_min_active_int=\count175
\l__regex_max_active_int=\count176
\l__regex_replacement_csnames_int=\count177
\l__regex_match_count_int=\count178
\l__regex_min_submatch_int=\count179
\l__regex_submatch_int=\count180
\l__regex_zeroth_submatch_int=\count181
\g__regex_trace_regex_int=\count182
\c_empty_box=\box29
\l_tmpa_box=\box30
\l_tmpb_box=\box31
\g_tmpa_box=\box32
\g_tmpb_box=\box33
\l__box_top_dim=\dimen119
\l__box_bottom_dim=\dimen120
\l__box_left_dim=\dimen121
\l__box_right_dim=\dimen122
\l__box_top_new_dim=\dimen123
\l__box_bottom_new_dim=\dimen124
\l__box_left_new_dim=\dimen125
\l__box_right_new_dim=\dimen126
\l__box_internal_box=\box34
\l__coffin_internal_box=\box35
\l__coffin_internal_dim=\dimen127
\l__coffin_offset_x_dim=\dimen128
\l__coffin_offset_y_dim=\dimen129
\l__coffin_x_dim=\dimen130
\l__coffin_y_dim=\dimen131
\l__coffin_x_prime_dim=\dimen132
\l__coffin_y_prime_dim=\dimen133
\c_empty_coffin=\box36
\l__coffin_aligned_coffin=\box37
\l__coffin_aligned_internal_coffin=\box38
\l_tmpa_coffin=\box39
\l_tmpb_coffin=\box40
\g_tmpa_coffin=\box41
\g_tmpb_coffin=\box42
\l__coffin_bounding_shift_dim=\dimen134
\l__coffin_left_corner_dim=\dimen135
\l__coffin_right_corner_dim=\dimen136
\l__coffin_bottom_corner_dim=\dimen137
\l__coffin_top_corner_dim=\dimen138
\l__coffin_scaled_total_height_dim=\dimen139
\l__coffin_scaled_width_dim=\dimen140
\c__coffin_empty_coffin=\box43
\l__coffin_display_coffin=\box44
\l__coffin_display_coord_coffin=\box45
\l__coffin_display_pole_coffin=\box46
\l__coffin_display_offset_dim=\dimen141
\l__coffin_display_x_dim=\dimen142
\l__coffin_display_y_dim=\dimen143
\g__file_internal_ior=\read1
\l__seq_internal_a_int=\count183
\l__seq_internal_b_int=\count184
\c__deprecation_minus_one=\count185
)
(/Users/dls354/Library/TinyTeX/texmf-dist/tex/latex/l3backend/l3backend-xdvipdf
mx.def
File: l3backend-xdvipdfmx.def 2019-04-06 v L3 Experimental backend support: xdv
ipdfmx
\g__graphics_track_int=\count186
\l__pdf_internal_box=\box47
\g__pdf_backend_object_int=\count187
\g__pdf_backend_annotation_int=\count188
))
Package: xparse 2019-05-28 L3 Experimental document command parser
\l__xparse_current_arg_int=\count189
\g__xparse_grabber_int=\count190
\l__xparse_m_args_int=\count191
\l__xparse_v_nesting_int=\count192
)
Package: fontspec 2019/03/15 v2.7c Font selection for XeLaTeX and LuaLaTeX

(/Users/dls354/Library/TinyTeX/texmf-dist/tex/latex/fontspec/fontspec-xetex.sty
Package: fontspec-xetex 2019/03/15 v2.7c Font selection for XeLaTeX and LuaLaTe
X
\l__fontspec_script_int=\count193
\l__fontspec_language_int=\count194
\l__fontspec_strnum_int=\count195
\l__fontspec_tmp_int=\count196
\l__fontspec_tmpa_int=\count197
\l__fontspec_tmpb_int=\count198
\l__fontspec_tmpc_int=\count199
\l__fontspec_em_int=\count266
\l__fontspec_emdef_int=\count267
\l__fontspec_strong_int=\count268
\l__fontspec_strongdef_int=\count269
\l__fontspec_tmpa_dim=\dimen144
\l__fontspec_tmpb_dim=\dimen145
\l__fontspec_tmpc_dim=\dimen146
(/Users/dls354/Library/TinyTeX/texmf-dist/tex/latex/base/fontenc.sty
Package: fontenc 2018/08/11 v2.0j Standard LaTeX package
(/Users/dls354/Library/TinyTeX/texmf-dist/tex/latex/base/tuenc.def
File: tuenc.def 2018/08/11 v2.0j Standard LaTeX file
LaTeX Font Info:    Redeclaring font encoding TU on input line 82.
)) (/Users/dls354/Library/TinyTeX/texmf-dist/tex/latex/fontspec/fontspec.cfg)
LaTeX Info: Redefining \itshape on input line 4051.
LaTeX Info: Redefining \slshape on input line 4056.
LaTeX Info: Redefining \scshape on input line 4061.
LaTeX Info: Redefining \upshape on input line 4066.
LaTeX Info: Redefining \em on input line 4096.
LaTeX Info: Redefining \emph on input line 4121.
)) (/Users/dls354/Library/TinyTeX/texmf-dist/tex/latex/xkeyval/xkeyval.sty
Package: xkeyval 2014/12/03 v2.7a package option processing (HA)
(/Users/dls354/Library/TinyTeX/texmf-dist/tex/generic/xkeyval/xkeyval.tex (/Use
rs/dls354/Library/TinyTeX/texmf-dist/tex/generic/xkeyval/xkvutils.tex
\XKV@toks=\toks20
\XKV@tempa@toks=\toks21
(/Users/dls354/Library/TinyTeX/texmf-dist/tex/generic/xkeyval/keyval.tex))
\XKV@depth=\count270
File: xkeyval.tex 2014/12/03 v2.7a key=value parser (HA)
))
\c@eu@=\count271
\c@eu@i=\count272
\c@mkern=\count273
) (/Users/dls354/Library/TinyTeX/texmf-dist/tex/latex/upquote/upquote.sty
Package: upquote 2012/04/19 v1.3 upright-quote and grave-accent glyphs in verba
tim
(/Users/dls354/Library/TinyTeX/texmf-dist/tex/latex/base/textcomp.sty
Package: textcomp 2018/08/11 v2.0j Standard LaTeX package
Package textcomp Info: Sub-encoding information:
(textcomp)               5 = only ISO-Adobe without \textcurrency
(textcomp)               4 = 5 + \texteuro
(textcomp)               3 = 4 + \textohm
(textcomp)               2 = 3 + \textestimated + \textcurrency
(textcomp)               1 = TS1 - \textcircled - \t
(textcomp)               0 = TS1 (full)
(textcomp)             Font families with sub-encoding setting implement
(textcomp)             only a restricted character set as indicated.
(textcomp)             Family '?' is the default used for unknown fonts.
(textcomp)             See the documentation for details.
Package textcomp Info: Setting ? sub-encoding to TS1/1 on input line 79.
(/Users/dls354/Library/TinyTeX/texmf-dist/tex/latex/base/ts1enc.def
File: ts1enc.def 2001/06/05 v3.0e (jk/car/fm) Standard LaTeX file
)
LaTeX Info: Redefining \oldstylenums on input line 334.
Package textcomp Info: Setting cmr sub-encoding to TS1/0 on input line 349.
Package textcomp Info: Setting cmss sub-encoding to TS1/0 on input line 350.
Package textcomp Info: Setting cmtt sub-encoding to TS1/0 on input line 351.
Package textcomp Info: Setting cmvtt sub-encoding to TS1/0 on input line 352.
Package textcomp Info: Setting cmbr sub-encoding to TS1/0 on input line 353.
Package textcomp Info: Setting cmtl sub-encoding to TS1/0 on input line 354.
Package textcomp Info: Setting ccr sub-encoding to TS1/0 on input line 355.
Package textcomp Info: Setting ptm sub-encoding to TS1/4 on input line 356.
Package textcomp Info: Setting pcr sub-encoding to TS1/4 on input line 357.
Package textcomp Info: Setting phv sub-encoding to TS1/4 on input line 358.
Package textcomp Info: Setting ppl sub-encoding to TS1/3 on input line 359.
Package textcomp Info: Setting pag sub-encoding to TS1/4 on input line 360.
Package textcomp Info: Setting pbk sub-encoding to TS1/4 on input line 361.
Package textcomp Info: Setting pnc sub-encoding to TS1/4 on input line 362.
Package textcomp Info: Setting pzc sub-encoding to TS1/4 on input line 363.
Package textcomp Info: Setting bch sub-encoding to TS1/4 on input line 364.
Package textcomp Info: Setting put sub-encoding to TS1/5 on input line 365.
Package textcomp Info: Setting uag sub-encoding to TS1/5 on input line 366.
Package textcomp Info: Setting ugq sub-encoding to TS1/5 on input line 367.
Package textcomp Info: Setting ul8 sub-encoding to TS1/4 on input line 368.
Package textcomp Info: Setting ul9 sub-encoding to TS1/4 on input line 369.
Package textcomp Info: Setting augie sub-encoding to TS1/5 on input line 370.
Package textcomp Info: Setting dayrom sub-encoding to TS1/3 on input line 371.
Package textcomp Info: Setting dayroms sub-encoding to TS1/3 on input line 372.

Package textcomp Info: Setting pxr sub-encoding to TS1/0 on input line 373.
Package textcomp Info: Setting pxss sub-encoding to TS1/0 on input line 374.
Package textcomp Info: Setting pxtt sub-encoding to TS1/0 on input line 375.
Package textcomp Info: Setting txr sub-encoding to TS1/0 on input line 376.
Package textcomp Info: Setting txss sub-encoding to TS1/0 on input line 377.
Package textcomp Info: Setting txtt sub-encoding to TS1/0 on input line 378.
Package textcomp Info: Setting lmr sub-encoding to TS1/0 on input line 379.
Package textcomp Info: Setting lmdh sub-encoding to TS1/0 on input line 380.
Package textcomp Info: Setting lmss sub-encoding to TS1/0 on input line 381.
Package textcomp Info: Setting lmssq sub-encoding to TS1/0 on input line 382.
Package textcomp Info: Setting lmvtt sub-encoding to TS1/0 on input line 383.
Package textcomp Info: Setting lmtt sub-encoding to TS1/0 on input line 384.
Package textcomp Info: Setting qhv sub-encoding to TS1/0 on input line 385.
Package textcomp Info: Setting qag sub-encoding to TS1/0 on input line 386.
Package textcomp Info: Setting qbk sub-encoding to TS1/0 on input line 387.
Package textcomp Info: Setting qcr sub-encoding to TS1/0 on input line 388.
Package textcomp Info: Setting qcs sub-encoding to TS1/0 on input line 389.
Package textcomp Info: Setting qpl sub-encoding to TS1/0 on input line 390.
Package textcomp Info: Setting qtm sub-encoding to TS1/0 on input line 391.
Package textcomp Info: Setting qzc sub-encoding to TS1/0 on input line 392.
Package textcomp Info: Setting qhvc sub-encoding to TS1/0 on input line 393.
Package textcomp Info: Setting futs sub-encoding to TS1/4 on input line 394.
Package textcomp Info: Setting futx sub-encoding to TS1/4 on input line 395.
Package textcomp Info: Setting futj sub-encoding to TS1/4 on input line 396.
Package textcomp Info: Setting hlh sub-encoding to TS1/3 on input line 397.
Package textcomp Info: Setting hls sub-encoding to TS1/3 on input line 398.
Package textcomp Info: Setting hlst sub-encoding to TS1/3 on input line 399.
Package textcomp Info: Setting hlct sub-encoding to TS1/5 on input line 400.
Package textcomp Info: Setting hlx sub-encoding to TS1/5 on input line 401.
Package textcomp Info: Setting hlce sub-encoding to TS1/5 on input line 402.
Package textcomp Info: Setting hlcn sub-encoding to TS1/5 on input line 403.
Package textcomp Info: Setting hlcw sub-encoding to TS1/5 on input line 404.
Package textcomp Info: Setting hlcf sub-encoding to TS1/5 on input line 405.
Package textcomp Info: Setting pplx sub-encoding to TS1/3 on input line 406.
Package textcomp Info: Setting pplj sub-encoding to TS1/3 on input line 407.
Package textcomp Info: Setting ptmx sub-encoding to TS1/4 on input line 408.
Package textcomp Info: Setting ptmj sub-encoding to TS1/4 on input line 409.
)) (/Users/dls354/Library/TinyTeX/texmf-dist/tex/latex/hyperref/hyperref.sty
Package: hyperref 2018/11/30 v6.88e Hypertext links for LaTeX

(/Users/dls354/Library/TinyTeX/texmf-dist/tex/generic/oberdiek/hobsub-hyperref.
sty
Package: hobsub-hyperref 2016/05/16 v1.14 Bundle oberdiek, subset hyperref (HO)


(/Users/dls354/Library/TinyTeX/texmf-dist/tex/generic/oberdiek/hobsub-generic.s
ty
Package: hobsub-generic 2016/05/16 v1.14 Bundle oberdiek, subset generic (HO)
Package: hobsub 2016/05/16 v1.14 Construct package bundles (HO)
Package: infwarerr 2016/05/16 v1.4 Providing info/warning/error messages (HO)
Package: ltxcmds 2016/05/16 v1.23 LaTeX kernel commands for general use (HO)
Package hobsub Info: Skipping package `ifluatex' (already loaded).
Package: ifvtex 2016/05/16 v1.6 Detect VTeX and its facilities (HO)
Package ifvtex Info: VTeX not detected.
Package: intcalc 2016/05/16 v1.2 Expandable calculations with integers (HO)
Package: ifpdf 2018/09/07 v3.3 Provides the ifpdf switch
Package: etexcmds 2016/05/16 v1.6 Avoid name clashes with e-TeX commands (HO)
Package: kvsetkeys 2016/05/16 v1.17 Key value parser (HO)
Package: kvdefinekeys 2016/05/16 v1.4 Define keys (HO)
Package: pdftexcmds 2018/09/10 v0.29 Utility functions of pdfTeX for LuaTeX (HO
)
Package pdftexcmds Info: LuaTeX not detected.
Package pdftexcmds Info: pdfTeX >= 1.30 not detected.
Package pdftexcmds Info: \pdf@primitive is available.
Package pdftexcmds Info: \pdf@ifprimitive is available.
Package pdftexcmds Info: \pdfdraftmode not found.
Package: pdfescape 2016/05/16 v1.14 Implements pdfTeX's escape features (HO)
Package: bigintcalc 2016/05/16 v1.4 Expandable calculations on big integers (HO
)
Package: bitset 2016/05/16 v1.2 Handle bit-vector datatype (HO)
Package: uniquecounter 2016/05/16 v1.3 Provide unlimited unique counter (HO)
)
Package hobsub Info: Skipping package `hobsub' (already loaded).
Package: letltxmacro 2016/05/16 v1.5 Let assignment for LaTeX macros (HO)
Package: hopatch 2016/05/16 v1.3 Wrapper for package hooks (HO)
Package: xcolor-patch 2016/05/16 xcolor patch
Package: atveryend 2016/05/16 v1.9 Hooks at the very end of document (HO)
Package: atbegshi 2016/06/09 v1.18 At begin shipout hook (HO)
Package: refcount 2016/05/16 v3.5 Data extraction from label references (HO)
Package: hycolor 2016/05/16 v1.8 Color options for hyperref/bookmark (HO)
) (/Users/dls354/Library/TinyTeX/texmf-dist/tex/latex/oberdiek/auxhook.sty
Package: auxhook 2016/05/16 v1.4 Hooks for auxiliary files (HO)
) (/Users/dls354/Library/TinyTeX/texmf-dist/tex/latex/oberdiek/kvoptions.sty
Package: kvoptions 2016/05/16 v3.12 Key value format for package options (HO)
)
\@linkdim=\dimen147
\Hy@linkcounter=\count274
\Hy@pagecounter=\count275
(/Users/dls354/Library/TinyTeX/texmf-dist/tex/latex/hyperref/pd1enc.def
File: pd1enc.def 2018/11/30 v6.88e Hyperref: PDFDocEncoding definition (HO)
)
\Hy@SavedSpaceFactor=\count276
(/Users/dls354/Library/TinyTeX/texmf-dist/tex/latex/latexconfig/hyperref.cfg
File: hyperref.cfg 2002/06/06 v1.2 hyperref configuration of TeXLive
)
Package hyperref Info: Hyper figures OFF on input line 4519.
Package hyperref Info: Link nesting OFF on input line 4524.
Package hyperref Info: Hyper index ON on input line 4527.
Package hyperref Info: Plain pages OFF on input line 4534.
Package hyperref Info: Backreferencing OFF on input line 4539.
Package hyperref Info: Implicit mode ON; LaTeX internals redefined.
Package hyperref Info: Bookmarks ON on input line 4772.
\c@Hy@tempcnt=\count277
(/Users/dls354/Library/TinyTeX/texmf-dist/tex/latex/url/url.sty
\Urlmuskip=\muskip17
Package: url 2013/09/16  ver 3.4  Verb mode for urls, etc.
)
LaTeX Info: Redefining \url on input line 5125.
\XeTeXLinkMargin=\dimen148
\Fld@menulength=\count278
\Field@Width=\dimen149
\Fld@charsize=\dimen150
Package hyperref Info: Hyper figures OFF on input line 6380.
Package hyperref Info: Link nesting OFF on input line 6385.
Package hyperref Info: Hyper index ON on input line 6388.
Package hyperref Info: backreferencing OFF on input line 6395.
Package hyperref Info: Link coloring OFF on input line 6400.
Package hyperref Info: Link coloring with OCG OFF on input line 6405.
Package hyperref Info: PDF/A mode OFF on input line 6410.
LaTeX Info: Redefining \ref on input line 6450.
LaTeX Info: Redefining \pageref on input line 6454.
\Hy@abspage=\count279
\c@Item=\count280
\c@Hfootnote=\count281
)
Package hyperref Info: Driver (autodetected): hxetex.
(/Users/dls354/Library/TinyTeX/texmf-dist/tex/latex/hyperref/hxetex.def
File: hxetex.def 2018/11/30 v6.88e Hyperref driver for XeTeX
(/Users/dls354/Library/TinyTeX/texmf-dist/tex/latex/hyperref/puenc.def
File: puenc.def 2018/11/30 v6.88e Hyperref: PDF Unicode definition (HO)
) (/Users/dls354/Library/TinyTeX/texmf-dist/tex/generic/oberdiek/stringenc.sty
Package: stringenc 2016/05/16 v1.11 Convert strings between diff. encodings (HO
)
)
\pdfm@box=\box48
\c@Hy@AnnotLevel=\count282
\HyField@AnnotCount=\count283
\Fld@listcount=\count284
\c@bookmark@seq@number=\count285

(/Users/dls354/Library/TinyTeX/texmf-dist/tex/latex/oberdiek/rerunfilecheck.sty
Package: rerunfilecheck 2016/05/16 v1.8 Rerun checks for auxiliary files (HO)
Package uniquecounter Info: New unique counter `rerunfilecheck' on input line 2
82.
)
\Hy@SectionHShift=\skip52
)
Package hyperref Info: Option `unicode' set `true' on input line 29.

(/Users/dls354/Library/TinyTeX/texmf-dist/tex/generic/oberdiek/se-ascii-print.d
ef
File: se-ascii-print.def 2016/05/16 v1.11 stringenc: Printable ASCII characters

)
Package hyperref Info: Option `breaklinks' set `true' on input line 29.
(/Users/dls354/Library/TinyTeX/texmf-dist/tex/latex/natbib/natbib.sty
Package: natbib 2010/09/13 8.31b (PWD, AO)
\bibhang=\skip53
\bibsep=\skip54
LaTeX Info: Redefining \cite on input line 694.
\c@NAT@ctr=\count286
) (/Users/dls354/Library/TinyTeX/texmf-dist/tex/latex/graphics/color.sty
Package: color 2016/07/10 v1.1e Standard LaTeX Color (DPC)
(/Users/dls354/Library/TinyTeX/texmf-dist/tex/latex/graphics-cfg/color.cfg
File: color.cfg 2016/01/02 v1.6 sample color configuration
)
Package color Info: Driver file: xetex.def on input line 147.
(/Users/dls354/Library/TinyTeX/texmf-dist/tex/latex/graphics-def/xetex.def
File: xetex.def 2017/06/24 v5.0h Graphics/color driver for xetex
)) (/Users/dls354/Library/TinyTeX/texmf-dist/tex/latex/fancyvrb/fancyvrb.sty
Package: fancyvrb 2019/01/15
Style option: `fancyvrb' v3.2a <2019/01/15> (tvz)
\FV@CodeLineNo=\count287
\FV@InFile=\read2
\FV@TabBox=\box49
\c@FancyVerbLine=\count288
\FV@StepNumber=\count289
\FV@OutFile=\write3
) (/Users/dls354/Library/TinyTeX/texmf-dist/tex/latex/framed/framed.sty
Package: framed 2011/10/22 v 0.96: framed or shaded text with page breaks
\OuterFrameSep=\skip55
\fb@frw=\dimen151
\fb@frh=\dimen152
\FrameRule=\dimen153
\FrameSep=\dimen154
) (/Users/dls354/Library/TinyTeX/texmf-dist/tex/latex/tools/longtable.sty
Package: longtable 2014/10/28 v4.11 Multi-page Table package (DPC)+ FMi change
\LTleft=\skip56
\LTright=\skip57
\LTpre=\skip58
\LTpost=\skip59
\LTchunksize=\count290
\LTcapwidth=\dimen155
\LT@head=\box50
\LT@firsthead=\box51
\LT@foot=\box52
\LT@lastfoot=\box53
\LT@cols=\count291
\LT@rows=\count292
\c@LT@tables=\count293
\c@LT@chunks=\count294
\LT@p@ftn=\toks22
) (/Users/dls354/Library/TinyTeX/texmf-dist/tex/latex/booktabs/booktabs.sty
Package: booktabs 2016/04/27 v1.618033 publication quality tables
\heavyrulewidth=\dimen156
\lightrulewidth=\dimen157
\cmidrulewidth=\dimen158
\belowrulesep=\dimen159
\belowbottomsep=\dimen160
\aboverulesep=\dimen161
\abovetopsep=\dimen162
\cmidrulesep=\dimen163
\cmidrulekern=\dimen164
\defaultaddspace=\dimen165
\@cmidla=\count295
\@cmidlb=\count296
\@aboverulesep=\dimen166
\@belowrulesep=\dimen167
\@thisruleclass=\count297
\@lastruleclass=\count298
\@thisrulewidth=\dimen168
) (/Users/dls354/Library/TinyTeX/texmf-dist/tex/latex/graphics/graphicx.sty
Package: graphicx 2017/06/01 v1.1a Enhanced LaTeX Graphics (DPC,SPQR)
(/Users/dls354/Library/TinyTeX/texmf-dist/tex/latex/graphics/graphics.sty
Package: graphics 2017/06/25 v1.2c Standard LaTeX Graphics (DPC,SPQR)
(/Users/dls354/Library/TinyTeX/texmf-dist/tex/latex/graphics/trig.sty
Package: trig 2016/01/03 v1.10 sin cos tan (DPC)
) (/Users/dls354/Library/TinyTeX/texmf-dist/tex/latex/graphics-cfg/graphics.cfg
File: graphics.cfg 2016/06/04 v1.11 sample graphics configuration
)
Package graphics Info: Driver file: xetex.def on input line 99.
)
\Gin@req@height=\dimen169
\Gin@req@width=\dimen170
) (/Users/dls354/Library/TinyTeX/texmf-dist/tex/latex/oberdiek/grffile.sty
Package: grffile 2017/06/30 v1.18 Extended file name support for graphics (HO)
Package grffile Info: Option `multidot' is set to `true'.
Package grffile Info: Option `extendedchars' is set to `false'.
Package grffile Info: Option `space' is set to `true'.
Package grffile Info: \Gin@ii of package `graphicx' fixed on input line 494.
) (/Users/dls354/Library/TinyTeX/texmf-dist/tex/latex/titling/titling.sty
Package: titling 2009/09/04 v2.1d maketitle typesetting
\thanksmarkwidth=\skip60
\thanksmargin=\skip61
\droptitle=\skip62
) (./Statistical-Methods-I.aux)
\openout1 = `Statistical-Methods-I.aux'.

LaTeX Font Info:    Checking defaults for OML/cmm/m/it on input line 131.
LaTeX Font Info:    ... okay on input line 131.
LaTeX Font Info:    Checking defaults for T1/cmr/m/n on input line 131.
LaTeX Font Info:    ... okay on input line 131.
LaTeX Font Info:    Checking defaults for OT1/cmr/m/n on input line 131.
LaTeX Font Info:    ... okay on input line 131.
LaTeX Font Info:    Checking defaults for OMS/cmsy/m/n on input line 131.
LaTeX Font Info:    ... okay on input line 131.
LaTeX Font Info:    Checking defaults for TU/lmr/m/n on input line 131.
LaTeX Font Info:    ... okay on input line 131.
LaTeX Font Info:    Checking defaults for OMX/cmex/m/n on input line 131.
LaTeX Font Info:    ... okay on input line 131.
LaTeX Font Info:    Checking defaults for U/cmr/m/n on input line 131.
LaTeX Font Info:    ... okay on input line 131.
LaTeX Font Info:    Checking defaults for TS1/cmr/m/n on input line 131.
LaTeX Font Info:    Try loading font information for TS1+cmr on input line 131.

(/Users/dls354/Library/TinyTeX/texmf-dist/tex/latex/base/ts1cmr.fd
File: ts1cmr.fd 2014/09/29 v2.5h Standard LaTeX font definitions
)
LaTeX Font Info:    ... okay on input line 131.
LaTeX Font Info:    Checking defaults for PD1/pdf/m/n on input line 131.
LaTeX Font Info:    ... okay on input line 131.
LaTeX Font Info:    Checking defaults for PU/pdf/m/n on input line 131.
LaTeX Font Info:    ... okay on input line 131.
\AtBeginShipoutBox=\box54
Package hyperref Info: Link coloring OFF on input line 131.
(/Users/dls354/Library/TinyTeX/texmf-dist/tex/latex/hyperref/nameref.sty
Package: nameref 2016/05/21 v2.44 Cross-referencing by name of section

(/Users/dls354/Library/TinyTeX/texmf-dist/tex/generic/oberdiek/gettitlestring.s
ty
Package: gettitlestring 2016/05/16 v1.5 Cleanup title references (HO)
)
\c@section@level=\count299
)
LaTeX Info: Redefining \ref on input line 131.
LaTeX Info: Redefining \pageref on input line 131.
LaTeX Info: Redefining \nameref on input line 131.
(./Statistical-Methods-I.out) (./Statistical-Methods-I.out)
\@outlinefile=\write4
\openout4 = `Statistical-Methods-I.out'.

[1


] [2

] (./Statistical-Methods-I.toc
LaTeX Font Info:    Try loading font information for OT1+lmr on input line 2.
(/Users/dls354/Library/TinyTeX/texmf-dist/tex/latex/lm/ot1lmr.fd
File: ot1lmr.fd 2009/10/30 v1.6 Font defs for Latin Modern
)
LaTeX Font Info:    Try loading font information for OML+lmm on input line 2.
(/Users/dls354/Library/TinyTeX/texmf-dist/tex/latex/lm/omllmm.fd
File: omllmm.fd 2009/10/30 v1.6 Font defs for Latin Modern
)
LaTeX Font Info:    Try loading font information for OMS+lmsy on input line 2.
(/Users/dls354/Library/TinyTeX/texmf-dist/tex/latex/lm/omslmsy.fd
File: omslmsy.fd 2009/10/30 v1.6 Font defs for Latin Modern
)
LaTeX Font Info:    Try loading font information for OMX+lmex on input line 2.
(/Users/dls354/Library/TinyTeX/texmf-dist/tex/latex/lm/omxlmex.fd
File: omxlmex.fd 2009/10/30 v1.6 Font defs for Latin Modern
)
LaTeX Font Info:    External font `lmex10' loaded for size
(Font)              <10> on input line 2.
LaTeX Font Info:    External font `lmex10' loaded for size
(Font)              <7> on input line 2.
LaTeX Font Info:    External font `lmex10' loaded for size
(Font)              <5> on input line 2.
LaTeX Font Info:    Try loading font information for U+msa on input line 2.
(/Users/dls354/Library/TinyTeX/texmf-dist/tex/latex/amsfonts/umsa.fd
File: umsa.fd 2013/01/14 v3.01 AMS symbols A
)
LaTeX Font Info:    Try loading font information for U+msb on input line 2.
(/Users/dls354/Library/TinyTeX/texmf-dist/tex/latex/amsfonts/umsb.fd
File: umsb.fd 2013/01/14 v3.01 AMS symbols B
) [3] [4])
\tf@toc=\write5
\openout5 = `Statistical-Methods-I.toc'.

[5] [6

] [7] [8]
Chapter 1.
LaTeX Font Info:    Font shape `TU/lmtt/bx/n' in size <10> not available
(Font)              Font shape `TU/lmtt/b/n' tried instead on input line 174.
[9

]
LaTeX Font Info:    External font `lmex10' loaded for size
(Font)              <8> on input line 206.
LaTeX Font Info:    External font `lmex10' loaded for size
(Font)              <6> on input line 206.
File: 01_Data_Summary_files/figure-latex/unnamed-chunk-4-1.pdf Graphic file (ty
pe pdf)
<use 01_Data_Summary_files/figure-latex/unnamed-chunk-4-1.pdf>

Underfull \vbox (badness 2726) has occurred while \output is active []

[10]
File: 01_Data_Summary_files/figure-latex/unnamed-chunk-5-1.pdf Graphic file (ty
pe pdf)
<use 01_Data_Summary_files/figure-latex/unnamed-chunk-5-1.pdf>
File: 01_Data_Summary_files/figure-latex/unnamed-chunk-6-1.pdf Graphic file (ty
pe pdf)
<use 01_Data_Summary_files/figure-latex/unnamed-chunk-6-1.pdf>
[11]
File: 01_Data_Summary_files/figure-latex/unnamed-chunk-7-1.pdf Graphic file (ty
pe pdf)
<use 01_Data_Summary_files/figure-latex/unnamed-chunk-7-1.pdf>
[12]
File: 01_Data_Summary_files/figure-latex/unnamed-chunk-8-1.pdf Graphic file (ty
pe pdf)
<use 01_Data_Summary_files/figure-latex/unnamed-chunk-8-1.pdf>
File: 01_Data_Summary_files/figure-latex/unnamed-chunk-9-1.pdf Graphic file (ty
pe pdf)
<use 01_Data_Summary_files/figure-latex/unnamed-chunk-9-1.pdf>

Underfull \vbox (badness 10000) has occurred while \output is active []

[13]
File: 01_Data_Summary_files/figure-latex/unnamed-chunk-10-1.pdf Graphic file (t
ype pdf)
<use 01_Data_Summary_files/figure-latex/unnamed-chunk-10-1.pdf>
[14] [15]
File: 01_Data_Summary_files/figure-latex/unnamed-chunk-13-1.pdf Graphic file (t
ype pdf)
<use 01_Data_Summary_files/figure-latex/unnamed-chunk-13-1.pdf>
[16] [17] [18]
Underfull \hbox (badness 10000) in paragraph at lines 494--495

 []

[19] [20] [21]
File: 01_Data_Summary_files/figure-latex/unnamed-chunk-22-1.pdf Graphic file (t
ype pdf)
<use 01_Data_Summary_files/figure-latex/unnamed-chunk-22-1.pdf>
File: 01_Data_Summary_files/figure-latex/unnamed-chunk-23-1.pdf Graphic file (t
ype pdf)
<use 01_Data_Summary_files/figure-latex/unnamed-chunk-23-1.pdf>
[22]
File: 01_Data_Summary_files/figure-latex/unnamed-chunk-24-1.pdf Graphic file (t
ype pdf)
<use 01_Data_Summary_files/figure-latex/unnamed-chunk-24-1.pdf>

Underfull \hbox (badness 10000) in paragraph at lines 721--728
[]\TU/lmr/m/n/10 +——————-+———————————————————————–
 []

[23] [24] [25]
File: 01_Data_Summary_files/figure-latex/unnamed-chunk-27-1.pdf Graphic file (t
ype pdf)
<use 01_Data_Summary_files/figure-latex/unnamed-chunk-27-1.pdf>
File: 01_Data_Summary_files/figure-latex/unnamed-chunk-28-1.pdf Graphic file (t
ype pdf)
<use 01_Data_Summary_files/figure-latex/unnamed-chunk-28-1.pdf>
[26]
File: 01_Data_Summary_files/figure-latex/unnamed-chunk-29-1.pdf Graphic file (t
ype pdf)
<use 01_Data_Summary_files/figure-latex/unnamed-chunk-29-1.pdf>
[27] [28

]
Chapter 2.
File: 02_Probability_files/figure-latex/unnamed-chunk-3-1.pdf Graphic file (typ
e pdf)
<use 02_Probability_files/figure-latex/unnamed-chunk-3-1.pdf>
[29]
File: 02_Probability_files/figure-latex/unnamed-chunk-4-1.pdf Graphic file (typ
e pdf)
<use 02_Probability_files/figure-latex/unnamed-chunk-4-1.pdf>
File: 02_Probability_files/figure-latex/unnamed-chunk-5-1.pdf Graphic file (typ
e pdf)
<use 02_Probability_files/figure-latex/unnamed-chunk-5-1.pdf>

Underfull \vbox (badness 6859) has occurred while \output is active []

[30]
File: 02_Probability_files/figure-latex/unnamed-chunk-6-1.pdf Graphic file (typ
e pdf)
<use 02_Probability_files/figure-latex/unnamed-chunk-6-1.pdf>
File: 02_Probability_files/figure-latex/unnamed-chunk-7-1.pdf Graphic file (typ
e pdf)
<use 02_Probability_files/figure-latex/unnamed-chunk-7-1.pdf>
[31]
File: 02_Probability_files/figure-latex/unnamed-chunk-8-1.pdf Graphic file (typ
e pdf)
<use 02_Probability_files/figure-latex/unnamed-chunk-8-1.pdf>
File: 02_Probability_files/figure-latex/unnamed-chunk-9-1.pdf Graphic file (typ
e pdf)
<use 02_Probability_files/figure-latex/unnamed-chunk-9-1.pdf>

Underfull \vbox (badness 5460) has occurred while \output is active []

[32]
File: 02_Probability_files/figure-latex/unnamed-chunk-10-1.pdf Graphic file (ty
pe pdf)
<use 02_Probability_files/figure-latex/unnamed-chunk-10-1.pdf>
[33]
File: 02_Probability_files/figure-latex/unnamed-chunk-11-1.pdf Graphic file (ty
pe pdf)
<use 02_Probability_files/figure-latex/unnamed-chunk-11-1.pdf>
File: 02_Probability_files/figure-latex/unnamed-chunk-12-1.pdf Graphic file (ty
pe pdf)
<use 02_Probability_files/figure-latex/unnamed-chunk-12-1.pdf>

Overfull \vbox (2.15025pt too high) has occurred while \output is active []

[34]
Overfull \hbox (36.55826pt too wide) detected at line 1021
[][]
 []

[35]
Underfull \hbox (badness 1478) in paragraph at lines 1051--1052
[]\TU/lmr/m/n/10 Suppose that convertibles make up just 10% of the domestic aut
omo-
 []


Overfull \hbox (103.62318pt too wide) detected at line 1080
[][]
 []

[36] [37]
File: 02_Probability_files/figure-latex/unnamed-chunk-13-1.pdf Graphic file (ty
pe pdf)
<use 02_Probability_files/figure-latex/unnamed-chunk-13-1.pdf>

Overfull \hbox (6.59038pt too wide) detected at line 1159
[][]
 []

[38]
File: 02_Probability_files/figure-latex/unnamed-chunk-14-1.pdf Graphic file (ty
pe pdf)
<use 02_Probability_files/figure-latex/unnamed-chunk-14-1.pdf>

Underfull \vbox (badness 10000) has occurred while \output is active []

[39] [40]
Overfull \hbox (110.18246pt too wide) detected at line 1242
[][]
 []

[41] [42]

Package amsmath Warning: Foreign command \atopwithdelims;
(amsmath)                \frac or \genfrac should be used instead
(amsmath)                 on input line 1332.

File: 02_Probability_files/figure-latex/unnamed-chunk-15-1.pdf Graphic file (ty
pe pdf)
<use 02_Probability_files/figure-latex/unnamed-chunk-15-1.pdf>
[43]
Underfull \vbox (badness 10000) has occurred while \output is active []

[44]
File: 02_Probability_files/figure-latex/unnamed-chunk-17-1.pdf Graphic file (ty
pe pdf)
<use 02_Probability_files/figure-latex/unnamed-chunk-17-1.pdf>

Underfull \vbox (badness 6775) has occurred while \output is active []

[45] [46] [47]
File: 02_Probability_files/figure-latex/unnamed-chunk-19-1.pdf Graphic file (ty
pe pdf)
<use 02_Probability_files/figure-latex/unnamed-chunk-19-1.pdf>
[48]
File: 02_Probability_files/figure-latex/unnamed-chunk-20-1.pdf Graphic file (ty
pe pdf)
<use 02_Probability_files/figure-latex/unnamed-chunk-20-1.pdf>

Underfull \vbox (badness 3954) has occurred while \output is active []

[49]
File: 02_Probability_files/figure-latex/unnamed-chunk-21-1.pdf Graphic file (ty
pe pdf)
<use 02_Probability_files/figure-latex/unnamed-chunk-21-1.pdf>
[50]
File: 02_Probability_files/figure-latex/unnamed-chunk-22-1.pdf Graphic file (ty
pe pdf)
<use 02_Probability_files/figure-latex/unnamed-chunk-22-1.pdf>
File: 02_Probability_files/figure-latex/unnamed-chunk-23-1.pdf Graphic file (ty
pe pdf)
<use 02_Probability_files/figure-latex/unnamed-chunk-23-1.pdf>
[51]
File: 02_Probability_files/figure-latex/unnamed-chunk-25-1.pdf Graphic file (ty
pe pdf)
<use 02_Probability_files/figure-latex/unnamed-chunk-25-1.pdf>
[52]
File: 02_Probability_files/figure-latex/unnamed-chunk-26-1.pdf Graphic file (ty
pe pdf)
<use 02_Probability_files/figure-latex/unnamed-chunk-26-1.pdf>
[53] [54]
File: 02_Probability_files/figure-latex/unnamed-chunk-29-1.pdf Graphic file (ty
pe pdf)
<use 02_Probability_files/figure-latex/unnamed-chunk-29-1.pdf>

Overfull \vbox (2.06514pt too high) has occurred while \output is active []

[55]
Overfull \hbox (177.07999pt too wide) in paragraph at lines 1803--1816
\TU/lmr/m/n/10 Total | +============+========+=========+========+========+=====
===+
 []

[56] [57] [58]
Chapter 3.
[59

]
File: 03_Bootstrapping_files/figure-latex/unnamed-chunk-4-1.pdf Graphic file (t
ype pdf)
<use 03_Bootstrapping_files/figure-latex/unnamed-chunk-4-1.pdf>
[60]
Overfull \hbox (33.0pt too wide) in paragraph at lines 2046--2046
[]\TU/lmtt/m/n/10 ## []stat_bindot()[] using []bins = 30[]. Pick better value w
ith []binwidth[].[] 
 []

File: 03_Bootstrapping_files/figure-latex/unnamed-chunk-7-1.pdf Graphic file (t
ype pdf)
<use 03_Bootstrapping_files/figure-latex/unnamed-chunk-7-1.pdf>
[61] [62]
File: 03_Bootstrapping_files/figure-latex/unnamed-chunk-9-1.pdf Graphic file (t
ype pdf)
<use 03_Bootstrapping_files/figure-latex/unnamed-chunk-9-1.pdf>
File: 03_Bootstrapping_files/figure-latex/unnamed-chunk-10-1.pdf Graphic file (
type pdf)
<use 03_Bootstrapping_files/figure-latex/unnamed-chunk-10-1.pdf>

Underfull \vbox (badness 10000) has occurred while \output is active []

[63]
File: 03_Bootstrapping_files/figure-latex/unnamed-chunk-11-1.pdf Graphic file (
type pdf)
<use 03_Bootstrapping_files/figure-latex/unnamed-chunk-11-1.pdf>
File: 03_Bootstrapping_files/figure-latex/unnamed-chunk-12-1.pdf Graphic file (
type pdf)
<use 03_Bootstrapping_files/figure-latex/unnamed-chunk-12-1.pdf>
[64]
File: 03_Bootstrapping_files/figure-latex/unnamed-chunk-13-1.pdf Graphic file (
type pdf)
<use 03_Bootstrapping_files/figure-latex/unnamed-chunk-13-1.pdf>

Underfull \vbox (badness 10000) has occurred while \output is active []

[65]
File: 03_Bootstrapping_files/figure-latex/unnamed-chunk-14-1.pdf Graphic file (
type pdf)
<use 03_Bootstrapping_files/figure-latex/unnamed-chunk-14-1.pdf>

Underfull \vbox (badness 10000) has occurred while \output is active []

[66] [67]
Overfull \hbox (17.25pt too wide) in paragraph at lines 2196--2196
[]\TU/lmtt/m/n/10 ## []stat_bin()[] using []bins = 30[]. Pick better value with
 []binwidth[].[] 
 []

File: 03_Bootstrapping_files/figure-latex/unnamed-chunk-16-1.pdf Graphic file (
type pdf)
<use 03_Bootstrapping_files/figure-latex/unnamed-chunk-16-1.pdf>
[68]
File: 03_Bootstrapping_files/figure-latex/unnamed-chunk-17-1.pdf Graphic file (
type pdf)
<use 03_Bootstrapping_files/figure-latex/unnamed-chunk-17-1.pdf>
[69]
File: 03_Bootstrapping_files/figure-latex/unnamed-chunk-19-1.pdf Graphic file (
type pdf)
<use 03_Bootstrapping_files/figure-latex/unnamed-chunk-19-1.pdf>
[70]
Overfull \hbox (63.25pt too wide) in paragraph at lines 2298--2298
 []\TU/lmtt/m/n/10 ## No documentation for []BodyTemp50[] in specified packages
 and libraries:[] 
 []

[71] [72]
Chapter 4.
LaTeX Font Info:    External font `lmex10' loaded for size
(Font)              <24.88> on input line 2344.
LaTeX Font Info:    External font `lmex10' loaded for size
(Font)              <20.74> on input line 2344.
LaTeX Font Info:    External font `lmex10' loaded for size
(Font)              <17.28> on input line 2344.
[73

]
File: 04_SamplingDistribution_files/figure-latex/unnamed-chunk-3-1.pdf Graphic 
file (type pdf)
<use 04_SamplingDistribution_files/figure-latex/unnamed-chunk-3-1.pdf>
[74]
File: 04_SamplingDistribution_files/figure-latex/unnamed-chunk-6-1.pdf Graphic 
file (type pdf)
<use 04_SamplingDistribution_files/figure-latex/unnamed-chunk-6-1.pdf>
[75] [76]
LaTeX Font Info:    External font `lmex10' loaded for size
(Font)              <14.4> on input line 2479.
[77]
File: 04_SamplingDistribution_files/figure-latex/unnamed-chunk-7-1.pdf Graphic 
file (type pdf)
<use 04_SamplingDistribution_files/figure-latex/unnamed-chunk-7-1.pdf>

Underfull \vbox (badness 1178) has occurred while \output is active []

[78] [79] [80] [81]
File: 04_SamplingDistribution_files/figure-latex/Ch3_HistogramMatching-1.pdf Gr
aphic file (type pdf)
<use 04_SamplingDistribution_files/figure-latex/Ch3_HistogramMatching-1.pdf>

Underfull \hbox (badness 10000) in paragraph at lines 2655--2657

 []

[82] [83] [84

]
Chapter 5.
[85] [86]
File: 05_ConfidenceIntervals_files/figure-latex/unnamed-chunk-3-1.pdf Graphic f
ile (type pdf)
<use 05_ConfidenceIntervals_files/figure-latex/unnamed-chunk-3-1.pdf>
[87]
File: 05_ConfidenceIntervals_files/figure-latex/unnamed-chunk-5-1.pdf Graphic f
ile (type pdf)
<use 05_ConfidenceIntervals_files/figure-latex/unnamed-chunk-5-1.pdf>
[88] [89]
File: 05_ConfidenceIntervals_files/figure-latex/unnamed-chunk-7-1.pdf Graphic f
ile (type pdf)
<use 05_ConfidenceIntervals_files/figure-latex/unnamed-chunk-7-1.pdf>
[90] [91] [92] [93] [94

]
Chapter 6.
[95]
File: 06_HypothesisTests_files/figure-latex/unnamed-chunk-4-1.pdf Graphic file 
(type pdf)
<use 06_HypothesisTests_files/figure-latex/unnamed-chunk-4-1.pdf>

Overfull \hbox (9.10233pt too wide) has occurred while \output is active
\TU/lmr/m/n/10 96 \TU/lmr/m/sl/10 CHAPTER 6.  HYPOTHESIS TESTS FOR THE MEAN OF 
A POPULATION
 []

[96] [97]
Underfull \vbox (badness 1460) has occurred while \output is active []


Overfull \hbox (9.10233pt too wide) has occurred while \output is active
\TU/lmr/m/n/10 98 \TU/lmr/m/sl/10 CHAPTER 6.  HYPOTHESIS TESTS FOR THE MEAN OF 
A POPULATION
 []

[98]
File: 06_HypothesisTests_files/figure-latex/unnamed-chunk-5-1.pdf Graphic file 
(type pdf)
<use 06_HypothesisTests_files/figure-latex/unnamed-chunk-5-1.pdf>
[99]
Overfull \hbox (14.10233pt too wide) has occurred while \output is active
\TU/lmr/m/n/10 100 \TU/lmr/m/sl/10 CHAPTER 6.  HYPOTHESIS TESTS FOR THE MEAN OF
 A POPULATION
 []

[100]
File: 06_HypothesisTests_files/figure-latex/unnamed-chunk-6-1.pdf Graphic file 
(type pdf)
<use 06_HypothesisTests_files/figure-latex/unnamed-chunk-6-1.pdf>
File: 06_HypothesisTests_files/figure-latex/unnamed-chunk-7-1.pdf Graphic file 
(type pdf)
<use 06_HypothesisTests_files/figure-latex/unnamed-chunk-7-1.pdf>
[101]
LaTeX Font Info:    External font `lmex10' loaded for size
(Font)              <12> on input line 3114.

Overfull \hbox (14.10233pt too wide) has occurred while \output is active
\TU/lmr/m/n/10 102 \TU/lmr/m/sl/10 CHAPTER 6.  HYPOTHESIS TESTS FOR THE MEAN OF
 A POPULATION
 []

[102] [103]
Overfull \hbox (14.10233pt too wide) has occurred while \output is active
\TU/lmr/m/n/10 104 \TU/lmr/m/sl/10 CHAPTER 6.  HYPOTHESIS TESTS FOR THE MEAN OF
 A POPULATION
 []

[104] [105]
Overfull \hbox (14.10233pt too wide) has occurred while \output is active
\TU/lmr/m/n/10 106 \TU/lmr/m/sl/10 CHAPTER 6.  HYPOTHESIS TESTS FOR THE MEAN OF
 A POPULATION
 []

[106] [107]
Overfull \hbox (14.10233pt too wide) has occurred while \output is active
\TU/lmr/m/n/10 108 \TU/lmr/m/sl/10 CHAPTER 6.  HYPOTHESIS TESTS FOR THE MEAN OF
 A POPULATION
 []

[108] [109]
File: 06_HypothesisTests_files/figure-latex/unnamed-chunk-11-1.pdf Graphic file
 (type pdf)
<use 06_HypothesisTests_files/figure-latex/unnamed-chunk-11-1.pdf>
File: 06_HypothesisTests_files/figure-latex/unnamed-chunk-12-1.pdf Graphic file
 (type pdf)
<use 06_HypothesisTests_files/figure-latex/unnamed-chunk-12-1.pdf>

Underfull \vbox (badness 10000) has occurred while \output is active []


Overfull \hbox (14.10233pt too wide) has occurred while \output is active
\TU/lmr/m/n/10 110 \TU/lmr/m/sl/10 CHAPTER 6.  HYPOTHESIS TESTS FOR THE MEAN OF
 A POPULATION
 []

[110]
File: 06_HypothesisTests_files/figure-latex/unnamed-chunk-13-1.pdf Graphic file
 (type pdf)
<use 06_HypothesisTests_files/figure-latex/unnamed-chunk-13-1.pdf>

Underfull \vbox (badness 1466) has occurred while \output is active []

[111]
Underfull \hbox (badness 3128) in paragraph at lines 3407--3408
[]\TU/lmr/m/n/10 Alternatively, we can do these calculations in R using the fun
ction
 []


Overfull \hbox (14.10233pt too wide) has occurred while \output is active
\TU/lmr/m/n/10 112 \TU/lmr/m/sl/10 CHAPTER 6.  HYPOTHESIS TESTS FOR THE MEAN OF
 A POPULATION
 []

[112] [113]
Overfull \hbox (14.10233pt too wide) has occurred while \output is active
\TU/lmr/m/n/10 114 \TU/lmr/m/sl/10 CHAPTER 6.  HYPOTHESIS TESTS FOR THE MEAN OF
 A POPULATION
 []

[114]
File: 06_HypothesisTests_files/figure-latex/unnamed-chunk-18-1.pdf Graphic file
 (type pdf)
<use 06_HypothesisTests_files/figure-latex/unnamed-chunk-18-1.pdf>

Underfull \hbox (badness 1270) in paragraph at lines 3559--3560
\TU/lmr/m/n/10 ability of a Type II error. That is, calculate the value of
 []

[115]
Overfull \hbox (14.10233pt too wide) has occurred while \output is active
\TU/lmr/m/n/10 116 \TU/lmr/m/sl/10 CHAPTER 6.  HYPOTHESIS TESTS FOR THE MEAN OF
 A POPULATION
 []

[116]
Chapter 7.
[117

]
Overfull \hbox (64.80453pt too wide) has occurred while \output is active
\TU/lmr/m/n/10 118 \TU/lmr/m/sl/10 CHAPTER 7.  TWO-SAMPLE HYPOTHESIS TESTS AND 
CONFIDENCE INTERVALS
 []

[118]
Overfull \hbox (75.0pt too wide) in paragraph at lines 3638--3638
[]\TU/lmtt/m/n/10 ##  $ Group: Factor w/ 2 levels "Caffeine","NoCaffeine": 1 1 
1 1 1 1 1 1 1 1 ...[] 
 []

[119]
File: 07_Two_Samples_files/figure-latex/unnamed-chunk-4-1.pdf Graphic file (typ
e pdf)
<use 07_Two_Samples_files/figure-latex/unnamed-chunk-4-1.pdf>

Overfull \hbox (64.80453pt too wide) has occurred while \output is active
\TU/lmr/m/n/10 120 \TU/lmr/m/sl/10 CHAPTER 7.  TWO-SAMPLE HYPOTHESIS TESTS AND 
CONFIDENCE INTERVALS
 []

[120] [121]
Overfull \hbox (64.80453pt too wide) has occurred while \output is active
\TU/lmr/m/n/10 122 \TU/lmr/m/sl/10 CHAPTER 7.  TWO-SAMPLE HYPOTHESIS TESTS AND 
CONFIDENCE INTERVALS
 []

[122]
File: 07_Two_Samples_files/figure-latex/unnamed-chunk-12-1.pdf Graphic file (ty
pe pdf)
<use 07_Two_Samples_files/figure-latex/unnamed-chunk-12-1.pdf>
[123]
Overfull \hbox (64.80453pt too wide) has occurred while \output is active
\TU/lmr/m/n/10 124 \TU/lmr/m/sl/10 CHAPTER 7.  TWO-SAMPLE HYPOTHESIS TESTS AND 
CONFIDENCE INTERVALS
 []

[124]
File: 07_Two_Samples_files/figure-latex/unnamed-chunk-16-1.pdf Graphic file (ty
pe pdf)
<use 07_Two_Samples_files/figure-latex/unnamed-chunk-16-1.pdf>
[125]
Overfull \hbox (64.80453pt too wide) has occurred while \output is active
\TU/lmr/m/n/10 126 \TU/lmr/m/sl/10 CHAPTER 7.  TWO-SAMPLE HYPOTHESIS TESTS AND 
CONFIDENCE INTERVALS
 []

[126]
File: 07_Two_Samples_files/figure-latex/unnamed-chunk-18-1.pdf Graphic file (ty
pe pdf)
<use 07_Two_Samples_files/figure-latex/unnamed-chunk-18-1.pdf>
[127]
Overfull \hbox (17.25pt too wide) in paragraph at lines 3980--3980
[]\TU/lmtt/m/n/10 ## alternative hypothesis: true difference in means is not eq
ual to 0[] 
 []


Overfull \hbox (64.80453pt too wide) has occurred while \output is active
\TU/lmr/m/n/10 128 \TU/lmr/m/sl/10 CHAPTER 7.  TWO-SAMPLE HYPOTHESIS TESTS AND 
CONFIDENCE INTERVALS
 []

[128] [129]
Overfull \hbox (64.80453pt too wide) has occurred while \output is active
\TU/lmr/m/n/10 130 \TU/lmr/m/sl/10 CHAPTER 7.  TWO-SAMPLE HYPOTHESIS TESTS AND 
CONFIDENCE INTERVALS
 []

[130]
Overfull \hbox (17.25pt too wide) in paragraph at lines 4117--4117
[]\TU/lmtt/m/n/10 ## alternative hypothesis: true difference in means is not eq
ual to 0[] 
 []

[131]
Overfull \hbox (17.25pt too wide) in paragraph at lines 4138--4138
[]\TU/lmtt/m/n/10 ## alternative hypothesis: true difference in means is not eq
ual to 0[] 
 []

File: 07_Two_Samples_files/figure-latex/unnamed-chunk-25-1.pdf Graphic file (ty
pe pdf)
<use 07_Two_Samples_files/figure-latex/unnamed-chunk-25-1.pdf>

Overfull \hbox (64.80453pt too wide) has occurred while \output is active
\TU/lmr/m/n/10 132 \TU/lmr/m/sl/10 CHAPTER 7.  TWO-SAMPLE HYPOTHESIS TESTS AND 
CONFIDENCE INTERVALS
 []

[132] [133]
File: 07_Two_Samples_files/figure-latex/unnamed-chunk-28-1.pdf Graphic file (ty
pe pdf)
<use 07_Two_Samples_files/figure-latex/unnamed-chunk-28-1.pdf>

Overfull \hbox (64.80453pt too wide) has occurred while \output is active
\TU/lmr/m/n/10 134 \TU/lmr/m/sl/10 CHAPTER 7.  TWO-SAMPLE HYPOTHESIS TESTS AND 
CONFIDENCE INTERVALS
 []

[134]
File: 07_Two_Samples_files/figure-latex/unnamed-chunk-31-1.pdf Graphic file (ty
pe pdf)
<use 07_Two_Samples_files/figure-latex/unnamed-chunk-31-1.pdf>

Overfull \hbox (17.25pt too wide) in paragraph at lines 4288--4288
[]\TU/lmtt/m/n/10 ## alternative hypothesis: true difference in means is not eq
ual to 0[] 
 []


Underfull \hbox (badness 2359) in paragraph at lines 4290--4291
[]\TU/lmr/m/n/10 Notice that we didn’t specify the order for the subtraction an
d the
 []

[135]
File: 07_Two_Samples_files/figure-latex/unnamed-chunk-36-1.pdf Graphic file (ty
pe pdf)
<use 07_Two_Samples_files/figure-latex/unnamed-chunk-36-1.pdf>

Overfull \hbox (64.80453pt too wide) has occurred while \output is active
\TU/lmr/m/n/10 136 \TU/lmr/m/sl/10 CHAPTER 7.  TWO-SAMPLE HYPOTHESIS TESTS AND 
CONFIDENCE INTERVALS
 []

[136]
Overfull \hbox (17.25pt too wide) in paragraph at lines 4359--4359
[]\TU/lmtt/m/n/10 ## alternative hypothesis: true difference in means is not eq
ual to 0[] 
 []

File: 07_Two_Samples_files/figure-latex/unnamed-chunk-38-1.pdf Graphic file (ty
pe pdf)
<use 07_Two_Samples_files/figure-latex/unnamed-chunk-38-1.pdf>

Overfull \hbox (11.54344pt too wide) has occurred while \output is active
\TU/lmr/m/sl/10 7.2.  DIFFERENCE IN MEANS BETWEEN TWO GROUPS: PAIRED DATA \TU/l
mr/m/n/10 137
 []

[137]
Overfull \hbox (64.80453pt too wide) has occurred while \output is active
\TU/lmr/m/n/10 138 \TU/lmr/m/sl/10 CHAPTER 7.  TWO-SAMPLE HYPOTHESIS TESTS AND 
CONFIDENCE INTERVALS
 []

[138]
Overfull \hbox (17.25pt too wide) in paragraph at lines 4436--4436
[]\TU/lmtt/m/n/10 ## []stat_bin()[] using []bins = 30[]. Pick better value with
 []binwidth[].[] 
 []

File: 07_Two_Samples_files/figure-latex/unnamed-chunk-40-1.pdf Graphic file (ty
pe pdf)
<use 07_Two_Samples_files/figure-latex/unnamed-chunk-40-1.pdf>

Overfull \hbox (11.54344pt too wide) has occurred while \output is active
\TU/lmr/m/sl/10 7.2.  DIFFERENCE IN MEANS BETWEEN TWO GROUPS: PAIRED DATA \TU/l
mr/m/n/10 139
 []

[139]
Overfull \hbox (64.80453pt too wide) has occurred while \output is active
\TU/lmr/m/n/10 140 \TU/lmr/m/sl/10 CHAPTER 7.  TWO-SAMPLE HYPOTHESIS TESTS AND 
CONFIDENCE INTERVALS
 []

[140]
File: 07_Two_Samples_files/figure-latex/unnamed-chunk-44-1.pdf Graphic file (ty
pe pdf)
<use 07_Two_Samples_files/figure-latex/unnamed-chunk-44-1.pdf>
File: 07_Two_Samples_files/figure-latex/unnamed-chunk-45-1.pdf Graphic file (ty
pe pdf)
<use 07_Two_Samples_files/figure-latex/unnamed-chunk-45-1.pdf>

Overfull \hbox (11.54344pt too wide) has occurred while \output is active
\TU/lmr/m/sl/10 7.2.  DIFFERENCE IN MEANS BETWEEN TWO GROUPS: PAIRED DATA \TU/l
mr/m/n/10 141
 []

[141]
Overfull \hbox (64.80453pt too wide) has occurred while \output is active
\TU/lmr/m/n/10 142 \TU/lmr/m/sl/10 CHAPTER 7.  TWO-SAMPLE HYPOTHESIS TESTS AND 
CONFIDENCE INTERVALS
 []

[142] [143]
Overfull \hbox (64.80453pt too wide) has occurred while \output is active
\TU/lmr/m/n/10 144 \TU/lmr/m/sl/10 CHAPTER 7.  TWO-SAMPLE HYPOTHESIS TESTS AND 
CONFIDENCE INTERVALS
 []

[144] [145]
Overfull \hbox (64.80453pt too wide) has occurred while \output is active
\TU/lmr/m/n/10 146 \TU/lmr/m/sl/10 CHAPTER 7.  TWO-SAMPLE HYPOTHESIS TESTS AND 
CONFIDENCE INTERVALS
 []

[146]
Chapter 8.
[147

]
File: 08_TestingAssumptions_files/figure-latex/unnamed-chunk-3-1.pdf Graphic fi
le (type pdf)
<use 08_TestingAssumptions_files/figure-latex/unnamed-chunk-3-1.pdf>
File: 08_TestingAssumptions_files/figure-latex/unnamed-chunk-4-1.pdf Graphic fi
le (type pdf)
<use 08_TestingAssumptions_files/figure-latex/unnamed-chunk-4-1.pdf>
File: 08_TestingAssumptions_files/figure-latex/unnamed-chunk-5-1.pdf Graphic fi
le (type pdf)
<use 08_TestingAssumptions_files/figure-latex/unnamed-chunk-5-1.pdf>

Underfull \vbox (badness 5050) has occurred while \output is active []

[148]
File: 08_TestingAssumptions_files/figure-latex/unnamed-chunk-6-1.pdf Graphic fi
le (type pdf)
<use 08_TestingAssumptions_files/figure-latex/unnamed-chunk-6-1.pdf>
File: 08_TestingAssumptions_files/figure-latex/unnamed-chunk-7-1.pdf Graphic fi
le (type pdf)
<use 08_TestingAssumptions_files/figure-latex/unnamed-chunk-7-1.pdf>
[149] [150] [151]
File: 08_TestingAssumptions_files/figure-latex/unnamed-chunk-10-1.pdf Graphic f
ile (type pdf)
<use 08_TestingAssumptions_files/figure-latex/unnamed-chunk-10-1.pdf>
[152]
File: 08_TestingAssumptions_files/figure-latex/unnamed-chunk-11-1.pdf Graphic f
ile (type pdf)
<use 08_TestingAssumptions_files/figure-latex/unnamed-chunk-11-1.pdf>
[153] [154]
File: 08_TestingAssumptions_files/figure-latex/unnamed-chunk-15-1.pdf Graphic f
ile (type pdf)
<use 08_TestingAssumptions_files/figure-latex/unnamed-chunk-15-1.pdf>
[155] [156]
Overfull \hbox (12.0pt too wide) in paragraph at lines 5064--5064
[]\TU/lmtt/m/n/10 ## alternative hypothesis: true ratio of variances is not equ
al to 1[] 
 []

File: 08_TestingAssumptions_files/figure-latex/unnamed-chunk-23-1.pdf Graphic f
ile (type pdf)
<use 08_TestingAssumptions_files/figure-latex/unnamed-chunk-23-1.pdf>

Underfull \vbox (badness 1158) has occurred while \output is active []

[157]
File: 08_TestingAssumptions_files/figure-latex/unnamed-chunk-25-1.pdf Graphic f
ile (type pdf)
<use 08_TestingAssumptions_files/figure-latex/unnamed-chunk-25-1.pdf>
[158]
Overfull \hbox (12.0pt too wide) in paragraph at lines 5148--5148
[]\TU/lmtt/m/n/10 ## alternative hypothesis: true ratio of variances is not equ
al to 1[] 
 []

[159]
File: 08_TestingAssumptions_files/figure-latex/unnamed-chunk-28-1.pdf Graphic f
ile (type pdf)
<use 08_TestingAssumptions_files/figure-latex/unnamed-chunk-28-1.pdf>
[160] [161] [162]
Overfull \hbox (22.04999pt too wide) in alignment at lines 5298--5300
 [] [] [] [] [] [] [] [] [] [] [] [] 
 []


Overfull \hbox (22.04999pt too wide) in alignment at lines 5300--5306
 [] [] [] [] [] [] [] [] [] [] [] [] 
 []

[163] [164

]
Chapter 9.
[165]
File: 09_ANOVA_files/figure-latex/unnamed-chunk-3-1.pdf Graphic file (type pdf)

<use 09_ANOVA_files/figure-latex/unnamed-chunk-3-1.pdf>
[166]
File: 09_ANOVA_files/figure-latex/unnamed-chunk-4-1.pdf Graphic file (type pdf)

<use 09_ANOVA_files/figure-latex/unnamed-chunk-4-1.pdf>

Underfull \vbox (badness 1527) has occurred while \output is active []

[167] [168]
File: 09_ANOVA_files/figure-latex/unnamed-chunk-5-1.pdf Graphic file (type pdf)

<use 09_ANOVA_files/figure-latex/unnamed-chunk-5-1.pdf>

Overfull \hbox (19.96233pt too wide) in alignment at lines 5460--5464
 [] [] [] [] [] [] 
 []


Overfull \hbox (19.96233pt too wide) in alignment at lines 5464--5469
 [] [] [] [] [] [] 
 []

[169] [170]
Overfull \hbox (4.76747pt too wide) in paragraph at lines 5522--5523
 []\TU/lmr/m/n/10 Source| 
 []


Overfull \hbox (4.79875pt too wide) in alignment at lines 5519--5535
 [] [] [] [] [] [] 
 []


Overfull \hbox (19.33748pt too wide) in paragraph at lines 5537--5538
 []\TU/lmr/m/n/10 Difference| 
 []


Overfull \hbox (3.15678pt too wide) in paragraph at lines 5541--5542
 []$\OML/lmm/m/it/10 SSE[]$| 
 []


Overfull \hbox (13.529pt too wide) in paragraph at lines 5547--5548
[]$\OML/lmm/m/it/10 P\OT1/lmr/m/n/10 (\OML/lmm/m/it/10 F[] \OMS/lmsy/m/n/10 ^^U
 
 []


Overfull \hbox (14.45747pt too wide) in paragraph at lines 5550--5551
 []\TU/lmr/m/n/10 Complex| 
 []


Overfull \hbox (16.43419pt too wide) in paragraph at lines 5554--5555
 []$\OML/lmm/m/it/10 SSE[]$| 
 []


Overfull \hbox (5.29747pt too wide) in paragraph at lines 5563--5564
 []\TU/lmr/m/n/10 Simple| 
 []


Overfull \hbox (10.9821pt too wide) in paragraph at lines 5567--5568
 []$\OML/lmm/m/it/10 SSE[]$| 
 []


Overfull \hbox (4.79875pt too wide) in alignment at lines 5535--5576
 [] [] [] [] [] [] 
 []

[171] [172]
Overfull \hbox (38.25pt too wide) in paragraph at lines 5609--5609
[]\TU/lmtt/m/n/10 ##  $ LAI    : num  2.88 2.87 3.23 3.24 3.33 3.83 3.86 4.03 3
.87 4.16 ...[] 
 []


Overfull \hbox (22.5pt too wide) in paragraph at lines 5609--5609
[]\TU/lmtt/m/n/10 ##  $ Species: Factor w/ 3 levels "1","2","3": 1 1 1 1 1 2 2 
2 2 2 ...[] 
 []

File: 09_ANOVA_files/figure-latex/unnamed-chunk-7-1.pdf Graphic file (type pdf)

<use 09_ANOVA_files/figure-latex/unnamed-chunk-7-1.pdf>
[173]
File: 09_ANOVA_files/figure-latex/unnamed-chunk-8-1.pdf Graphic file (type pdf)

<use 09_ANOVA_files/figure-latex/unnamed-chunk-8-1.pdf>
[174] [175]
File: 09_ANOVA_files/figure-latex/unnamed-chunk-12-1.pdf Graphic file (type pdf
)
<use 09_ANOVA_files/figure-latex/unnamed-chunk-12-1.pdf>
[176]
Overfull \hbox (38.25pt too wide) in paragraph at lines 5779--5779
[]\TU/lmtt/m/n/10 ## P value adjustment: tukey method for comparing a family of
 5 estimates[] 
 []

[177]
Overfull \hbox (38.25pt too wide) in paragraph at lines 5801--5801
[]\TU/lmtt/m/n/10 ## P value adjustment: tukey method for comparing a family of
 5 estimates[] 
 []

[178]
File: 09_ANOVA_files/figure-latex/unnamed-chunk-17-1.pdf Graphic file (type pdf
)
<use 09_ANOVA_files/figure-latex/unnamed-chunk-17-1.pdf>
File: 09_ANOVA_files/figure-latex/unnamed-chunk-18-1.pdf Graphic file (type pdf
)
<use 09_ANOVA_files/figure-latex/unnamed-chunk-18-1.pdf>

Underfull \vbox (badness 10000) has occurred while \output is active []

[179] [180]
Overfull \hbox (38.25pt too wide) in paragraph at lines 5933--5933
[]\TU/lmtt/m/n/10 ## P value adjustment: tukey method for comparing a family of
 3 estimates[] 
 []

[181]
File: 09_ANOVA_files/figure-latex/unnamed-chunk-23-1.pdf Graphic file (type pdf
)
<use 09_ANOVA_files/figure-latex/unnamed-chunk-23-1.pdf>

Underfull \vbox (badness 1033) has occurred while \output is active []

[182]
File: 09_ANOVA_files/figure-latex/unnamed-chunk-24-1.pdf Graphic file (type pdf
)
<use 09_ANOVA_files/figure-latex/unnamed-chunk-24-1.pdf>
[183] [184] [185]
File: 09_ANOVA_files/figure-latex/unnamed-chunk-29-1.pdf Graphic file (type pdf
)
<use 09_ANOVA_files/figure-latex/unnamed-chunk-29-1.pdf>
[186] [187]
Underfull \hbox (badness 10000) in paragraph at lines 6218--6219

 []

File: 09_ANOVA_files/figure-latex/unnamed-chunk-32-1.pdf Graphic file (type pdf
)
<use 09_ANOVA_files/figure-latex/unnamed-chunk-32-1.pdf>
[188]
File: 09_ANOVA_files/figure-latex/unnamed-chunk-33-1.pdf Graphic file (type pdf
)
<use 09_ANOVA_files/figure-latex/unnamed-chunk-33-1.pdf>

Underfull \vbox (badness 10000) has occurred while \output is active []

[189] [190]
Overfull \hbox (15.41852pt too wide) detected at line 6294
\OML/lmm/m/it/10 SSE[] \OT1/lmr/m/n/10 = [] [] \OML/lmm/m/it/10 e[] \OT1/lmr/m/
n/10 = [] [] [][] = [] [] [][]
 []


Overfull \hbox (9.51215pt too wide) detected at line 6305
\OML/lmm/m/it/10 SSE[] \OT1/lmr/m/n/10 = [] [] \OML/lmm/m/it/10 e[] \OT1/lmr/m/
n/10 = [] [] [][] = [] [] [][]
 []

[191] [192]
Chapter 10.
File: 10_Regression_files/figure-latex/unnamed-chunk-4-1.pdf Graphic file (type
 pdf)
<use 10_Regression_files/figure-latex/unnamed-chunk-4-1.pdf>
[193

]
File: 10_Regression_files/figure-latex/unnamed-chunk-5-1.pdf Graphic file (type
 pdf)
<use 10_Regression_files/figure-latex/unnamed-chunk-5-1.pdf>
File: 10_Regression_files/figure-latex/unnamed-chunk-6-1.pdf Graphic file (type
 pdf)
<use 10_Regression_files/figure-latex/unnamed-chunk-6-1.pdf>

Underfull \vbox (badness 10000) has occurred while \output is active []

[194]
File: 10_Regression_files/figure-latex/unnamed-chunk-7-1.pdf Graphic file (type
 pdf)
<use 10_Regression_files/figure-latex/unnamed-chunk-7-1.pdf>
[195]
File: 10_Regression_files/figure-latex/unnamed-chunk-8-1.pdf Graphic file (type
 pdf)
<use 10_Regression_files/figure-latex/unnamed-chunk-8-1.pdf>
[196]
File: 10_Regression_files/figure-latex/unnamed-chunk-9-1.pdf Graphic file (type
 pdf)
<use 10_Regression_files/figure-latex/unnamed-chunk-9-1.pdf>

Underfull \vbox (badness 5374) has occurred while \output is active []

[197] [198]
Overfull \hbox (11.5979pt too wide) in paragraph at lines 6663--6664
 []\TU/lmr/m/n/10 Coefficient| 
 []


Overfull \hbox (1.12979pt too wide) in paragraph at lines 6665--6666
 []\TU/lmr/m/n/10 Estimate| 
 []


Overfull \hbox (4.9679pt too wide) in paragraph at lines 6676--6677
 []\TU/lmr/m/n/10 Intercept| 
 []


Underfull \vbox (badness 10000) has occurred while \output is active []

[199] [200]
Overfull \hbox (4.76747pt too wide) in paragraph at lines 6766--6767
 []\TU/lmr/m/n/10 Source| 
 []


Overfull \hbox (19.33748pt too wide) in paragraph at lines 6781--6782
 []\TU/lmr/m/n/10 Difference| 
 []


Overfull \hbox (3.15678pt too wide) in paragraph at lines 6785--6786
 []$\OML/lmm/m/it/10 SSE[]$| 
 []


Overfull \hbox (9.32613pt too wide) in paragraph at lines 6791--6792
 []$\OML/lmm/m/it/10 P\OT1/lmr/m/n/10 (\OML/lmm/m/it/10 F[] > 
 []


Overfull \hbox (14.45747pt too wide) in paragraph at lines 6794--6795
 []\TU/lmr/m/n/10 Complex| 
 []


Overfull \hbox (16.43419pt too wide) in paragraph at lines 6798--6799
 []$\OML/lmm/m/it/10 SSE[]$| 
 []


Overfull \hbox (5.29747pt too wide) in paragraph at lines 6807--6808
 []\TU/lmr/m/n/10 Simple| 
 []


Overfull \hbox (10.9821pt too wide) in paragraph at lines 6811--6812
 []$\OML/lmm/m/it/10 SSE[]$| 
 []

[201] [202] [203]
File: 10_Regression_files/figure-latex/unnamed-chunk-16-1.pdf Graphic file (typ
e pdf)
<use 10_Regression_files/figure-latex/unnamed-chunk-16-1.pdf>
File: 10_Regression_files/figure-latex/unnamed-chunk-17-1.pdf Graphic file (typ
e pdf)
<use 10_Regression_files/figure-latex/unnamed-chunk-17-1.pdf>

Underfull \vbox (badness 3375) has occurred while \output is active []

[204] [205]
File: 10_Regression_files/figure-latex/unnamed-chunk-20-1.pdf Graphic file (typ
e pdf)
<use 10_Regression_files/figure-latex/unnamed-chunk-20-1.pdf>
[206]
File: 10_Regression_files/figure-latex/unnamed-chunk-21-1.pdf Graphic file (typ
e pdf)
<use 10_Regression_files/figure-latex/unnamed-chunk-21-1.pdf>
[207]
File: 10_Regression_files/figure-latex/unnamed-chunk-24-1.pdf Graphic file (typ
e pdf)
<use 10_Regression_files/figure-latex/unnamed-chunk-24-1.pdf>
[208]
File: 10_Regression_files/figure-latex/unnamed-chunk-25-1.pdf Graphic file (typ
e pdf)
<use 10_Regression_files/figure-latex/unnamed-chunk-25-1.pdf>
File: 10_Regression_files/figure-latex/unnamed-chunk-26-1.pdf Graphic file (typ
e pdf)
<use 10_Regression_files/figure-latex/unnamed-chunk-26-1.pdf>

Underfull \vbox (badness 1502) has occurred while \output is active []

[209]
File: 10_Regression_files/figure-latex/unnamed-chunk-27-1.pdf Graphic file (typ
e pdf)
<use 10_Regression_files/figure-latex/unnamed-chunk-27-1.pdf>

Underfull \vbox (badness 10000) has occurred while \output is active []

[210] [211]
File: 10_Regression_files/figure-latex/unnamed-chunk-29-1.pdf Graphic file (typ
e pdf)
<use 10_Regression_files/figure-latex/unnamed-chunk-29-1.pdf>
[212]
File: 10_Regression_files/figure-latex/unnamed-chunk-30-1.pdf Graphic file (typ
e pdf)
<use 10_Regression_files/figure-latex/unnamed-chunk-30-1.pdf>
[213]
File: 10_Regression_files/figure-latex/unnamed-chunk-31-1.pdf Graphic file (typ
e pdf)
<use 10_Regression_files/figure-latex/unnamed-chunk-31-1.pdf>
File: 10_Regression_files/figure-latex/unnamed-chunk-32-1.pdf Graphic file (typ
e pdf)
<use 10_Regression_files/figure-latex/unnamed-chunk-32-1.pdf>
[214]
File: 10_Regression_files/figure-latex/unnamed-chunk-33-1.pdf Graphic file (typ
e pdf)
<use 10_Regression_files/figure-latex/unnamed-chunk-33-1.pdf>
[215] [216] [217]
Overfull \hbox (10.52pt too wide) in alignment at lines 7425--7427
 [] [] [] [] [] [] [] [] [] [] [] [] [] [] [] [] 
 []


Overfull \hbox (10.52pt too wide) in alignment at lines 7427--7431
 [] [] [] [] [] [] [] [] [] [] [] [] [] [] [] [] 
 []

[218] [219] [220

]
Chapter 11.

Overfull \hbox (10.49654pt too wide) detected at line 7490
[][]
 []

[221]
LaTeX Font Info:    Font shape `TU/lmtt/bx/n' in size <14.4> not available
(Font)              Font shape `TU/lmtt/b/n' tried instead on input line 7499.
[222] [223]
Overfull \hbox (17.25pt too wide) in paragraph at lines 7630--7630
[]\TU/lmtt/m/n/10 ## alternative hypothesis: true difference in means is not eq
ual to 0[] 
 []

[224]
File: 11_Resampling_LinearModels_files/figure-latex/unnamed-chunk-9-1.pdf Graph
ic file (type pdf)
<use 11_Resampling_LinearModels_files/figure-latex/unnamed-chunk-9-1.pdf>
[225] [226] [227] [228] [229]
File: 11_Resampling_LinearModels_files/figure-latex/unnamed-chunk-15-1.pdf Grap
hic file (type pdf)
<use 11_Resampling_LinearModels_files/figure-latex/unnamed-chunk-15-1.pdf>
[230]
File: 11_Resampling_LinearModels_files/figure-latex/unnamed-chunk-16-1.pdf Grap
hic file (type pdf)
<use 11_Resampling_LinearModels_files/figure-latex/unnamed-chunk-16-1.pdf>
[231]
Underfull \hbox (badness 10000) in paragraph at lines 7832--7833

 []

LaTeX Font Info:    Font shape `TU/lmtt/bx/n' in size <12> not available
(Font)              Font shape `TU/lmtt/b/n' tried instead on input line 7845.
[232]
File: 11_Resampling_LinearModels_files/figure-latex/unnamed-chunk-18-1.pdf Grap
hic file (type pdf)
<use 11_Resampling_LinearModels_files/figure-latex/unnamed-chunk-18-1.pdf>
[233]
Underfull \hbox (badness 1515) in paragraph at lines 7919--7920
[]\TU/lmr/m/n/10 To utilize the bootstrap confidence intervals, we will use the
 function
 []

File: 11_Resampling_LinearModels_files/figure-latex/unnamed-chunk-22-1.pdf Grap
hic file (type pdf)
<use 11_Resampling_LinearModels_files/figure-latex/unnamed-chunk-22-1.pdf>
[234]
File: 11_Resampling_LinearModels_files/figure-latex/unnamed-chunk-24-1.pdf Grap
hic file (type pdf)
<use 11_Resampling_LinearModels_files/figure-latex/unnamed-chunk-24-1.pdf>
[235]
File: 11_Resampling_LinearModels_files/figure-latex/unnamed-chunk-25-1.pdf Grap
hic file (type pdf)
<use 11_Resampling_LinearModels_files/figure-latex/unnamed-chunk-25-1.pdf>
[236]
File: 11_Resampling_LinearModels_files/figure-latex/unnamed-chunk-27-1.pdf Grap
hic file (type pdf)
<use 11_Resampling_LinearModels_files/figure-latex/unnamed-chunk-27-1.pdf>
[237] [238]
File: 11_Resampling_LinearModels_files/figure-latex/unnamed-chunk-32-1.pdf Grap
hic file (type pdf)
<use 11_Resampling_LinearModels_files/figure-latex/unnamed-chunk-32-1.pdf>
[239]
File: 11_Resampling_LinearModels_files/figure-latex/unnamed-chunk-34-1.pdf Grap
hic file (type pdf)
<use 11_Resampling_LinearModels_files/figure-latex/unnamed-chunk-34-1.pdf>
[240] [241] [242]
File: 11_Resampling_LinearModels_files/figure-latex/unnamed-chunk-38-1.pdf Grap
hic file (type pdf)
<use 11_Resampling_LinearModels_files/figure-latex/unnamed-chunk-38-1.pdf>
[243] [244]
Underfull \hbox (badness 2529) in paragraph at lines 8414--8415
[]\TU/lmr/m/n/10 The \TU/lmtt/m/n/10 car::Boot() \TU/lmr/m/n/10 function cannot
 handle the grouping, but
 []


Overfull \hbox (71.74992pt too wide) in paragraph at lines 8433--8435
[]\TU/lmr/m/n/10 Call this function using \TU/lmtt/m/n/10 indices = resample(1:
21, groups=Pollution$type)\TU/lmr/m/n/10 .
 []

[245] [246

]
Chapter 12.
[247] [248]
Overfull \hbox (69.75pt too wide) in paragraph at lines 8556--8556
[]\TU/lmtt/m/n/10 ##  $ treatment: Factor w/ 2 levels "mites","no mites": 1 1 1
 1 1 1 1 1 1 1 ...[] 
 []


Overfull \hbox (59.25pt too wide) in paragraph at lines 8556--8556
[]\TU/lmtt/m/n/10 ##  $ outcome  : Factor w/ 2 levels "no wilt","wilt": 2 2 2 2
 2 2 2 2 2 2 ...[] 
 []

[249] [250] [251] [252]
File: 12_ContingencyTables_files/figure-latex/unnamed-chunk-11-1.pdf Graphic fi
le (type pdf)
<use 12_ContingencyTables_files/figure-latex/unnamed-chunk-11-1.pdf>

Overfull \hbox (17.25pt too wide) in paragraph at lines 8740--8740
[]\TU/lmtt/m/n/10 ##  Pearson[]s Chi-squared test with simulated p-value (based
 on 10000[] 
 []

[253] [254]
Overfull \hbox (17.25pt too wide) in paragraph at lines 8803--8803
[]\TU/lmtt/m/n/10 ##  Pearson[]s Chi-squared test with simulated p-value (based
 on 10000[] 
 []

[255]
File: 12_ContingencyTables_files/figure-latex/unnamed-chunk-16-1.pdf Graphic fi
le (type pdf)
<use 12_ContingencyTables_files/figure-latex/unnamed-chunk-16-1.pdf>

Underfull \vbox (badness 10000) has occurred while \output is active []

[256] [257]
Overfull \hbox (17.25pt too wide) in paragraph at lines 8929--8929
[]\TU/lmtt/m/n/10 ##  Pearson[]s Chi-squared test with simulated p-value (based
 on 1e+05[] 
 []

[258] [259]
Overfull \hbox (1.34537pt too wide) in alignment at lines 9033--9049
 [] [] [] [] [] [] 
 []


Overfull \hbox (1.34537pt too wide) in alignment at lines 9049--9090
 [] [] [] [] [] [] 
 []

[260]
File: 12_ContingencyTables_files/figure-latex/unnamed-chunk-24-1.pdf Graphic fi
le (type pdf)
<use 12_ContingencyTables_files/figure-latex/unnamed-chunk-24-1.pdf>
No file Statistical-Methods-I.bbl.
Package atveryend Info: Empty hook `BeforeClearDocument' on input line 9139.
[261]
Package atveryend Info: Empty hook `AfterLastShipout' on input line 9139.
(./Statistical-Methods-I.aux)
Package atveryend Info: Empty hook `AtVeryEndDocument' on input line 9139.
Package atveryend Info: Executing hook `AtEndAfterFileList' on input line 9139.

Package rerunfilecheck Info: File `Statistical-Methods-I.out' has not changed.
(rerunfilecheck)             Checksum: A44A448F4030B05B45F9A21977F46AAA.
 ) 
Here is how much of TeX's memory you used:
 23825 strings out of 494894
 467713 string characters out of 6173843
 544029 words of memory out of 5000000
 27487 multiletter control sequences out of 15000+600000
 573302 words of font info for 101 fonts, out of 8000000 for 9000
 14 hyphenation exceptions out of 8191
 46i,11n,47p,2092b,581s stack positions out of 5000i,500n,10000p,200000b,80000s

Output written on Statistical-Methods-I.pdf (261 pages).
